build/app/intermediates/manifest_merge_blame_file/release/manifest-merger-blame-release-report.txt
1<?xml version="1.0" encoding="utf-8"?>
2<manifest xmlns:android="http://schemas.android.com/apk/res/android"
3    package="com.example.bankappnew"
4    android:versionCode="1"
5    android:versionName="1.0.0" >
6
7    <uses-sdk
8        android:minSdkVersion="21"
8-->src\main\AndroidManifest.xml
9        android:targetSdkVersion="33" />
9-->src\main\AndroidManifest.xml
10
11    <uses-permission android:name="android.permission.INTERNET" />
11-->[:nb_utils] AndroidManifest.xml:9:5-67
11-->[:nb_utils] AndroidManifest.xml:9:22-64
12    <uses-permission android:name="android.permission.ACCESS_NETWORK_STATE" />
12-->[:nb_utils] AndroidManifest.xml:10:5-79
12-->[:nb_utils] AndroidManifest.xml:10:22-76
13    <uses-permission android:name="android.permission.USE_BIOMETRIC" />
13-->[:local_auth_android] AndroidManifest.xml:9:5-72
13-->[:local_auth_android] AndroidManifest.xml:9:22-69
14    <uses-permission android:name="android.permission.CAMERA" />
14-->[:scan] AndroidManifest.xml:11:5-65
14-->[:scan] AndroidManifest.xml:11:22-62
15    <uses-permission android:name="android.permission.VIBRATE" />
15-->[:scan] AndroidManifest.xml:12:5-66
15-->[:scan] AndroidManifest.xml:12:22-63
16
17    <meta-data
17-->src\main\AndroidManifest.xml:30:9-32:33
18        android:name="flutterEmbedding"
18-->src\main\AndroidManifest.xml:31:13-44
19        android:value="2" /> <!-- suppress DeprecatedClassUsageInspection -->
19-->src\main\AndroidManifest.xml:32:13-30
20    <uses-permission android:name="android.permission.USE_FINGERPRINT" />
20-->[androidx.biometric:biometric:1.1.0] AndroidManifest.xml:27:5-74
20-->[androidx.biometric:biometric:1.1.0] AndroidManifest.xml:27:22-71
21
22    <uses-feature
22-->[com.google.android.gms:play-services-maps:18.1.0] AndroidManifest.xml:26:5-28:35
23        android:glEsVersion="0x00020000"
23-->[com.google.android.gms:play-services-maps:18.1.0] AndroidManifest.xml:27:9-41
24        android:required="true" />
24-->[com.google.android.gms:play-services-maps:18.1.0] AndroidManifest.xml:28:9-32
25
26    <queries>
26-->[com.google.android.gms:play-services-maps:18.1.0] AndroidManifest.xml:30:5-34:15
27
28        <!-- Needs to be explicitly declared on Android R+ -->
29        <package android:name="com.google.android.apps.maps" />
29-->[com.google.android.gms:play-services-maps:18.1.0] AndroidManifest.xml:33:9-64
29-->[com.google.android.gms:play-services-maps:18.1.0] AndroidManifest.xml:33:18-61
30    </queries>
31
32    <permission
32-->[androidx.core:core:1.10.1] AndroidManifest.xml:22:5-24:47
33        android:name="com.example.bankappnew.DYNAMIC_RECEIVER_NOT_EXPORTED_PERMISSION"
33-->[androidx.core:core:1.10.1] AndroidManifest.xml:23:9-81
34        android:protectionLevel="signature" />
34-->[androidx.core:core:1.10.1] AndroidManifest.xml:24:9-44
35
36    <uses-permission android:name="com.example.bankappnew.DYNAMIC_RECEIVER_NOT_EXPORTED_PERMISSION" /> <!-- Don't require camera, as this requires a rear camera. This allows it to work on the Nexus 7 -->
36-->[androidx.core:core:1.10.1] AndroidManifest.xml:26:5-97
36-->[androidx.core:core:1.10.1] AndroidManifest.xml:26:22-94
37    <uses-feature
37-->[com.journeyapps:zxing-android-embedded:4.3.0] AndroidManifest.xml:25:5-27:36
38        android:name="android.hardware.camera"
38-->[com.journeyapps:zxing-android-embedded:4.3.0] AndroidManifest.xml:26:9-47
39        android:required="false" />
39-->[com.journeyapps:zxing-android-embedded:4.3.0] AndroidManifest.xml:27:9-33
40    <uses-feature
40-->[com.journeyapps:zxing-android-embedded:4.3.0] AndroidManifest.xml:28:5-30:36
41        android:name="android.hardware.camera.front"
41-->[com.journeyapps:zxing-android-embedded:4.3.0] AndroidManifest.xml:29:9-53
42        android:required="false" /> <!-- TODO replace above two with next line after Android 4.2 -->
42-->[com.journeyapps:zxing-android-embedded:4.3.0] AndroidManifest.xml:30:9-33
43    <!-- <uses-feature android:name="android.hardware.camera.any"/> -->
44    <uses-feature
44-->[com.journeyapps:zxing-android-embedded:4.3.0] AndroidManifest.xml:33:5-35:36
45        android:name="android.hardware.camera.autofocus"
45-->[com.journeyapps:zxing-android-embedded:4.3.0] AndroidManifest.xml:34:9-57
46        android:required="false" />
46-->[com.journeyapps:zxing-android-embedded:4.3.0] AndroidManifest.xml:35:9-33
47    <uses-feature
47-->[com.journeyapps:zxing-android-embedded:4.3.0] AndroidManifest.xml:36:5-38:36
48        android:name="android.hardware.camera.flash"
48-->[com.journeyapps:zxing-android-embedded:4.3.0] AndroidManifest.xml:37:9-53
49        android:required="false" />
49-->[com.journeyapps:zxing-android-embedded:4.3.0] AndroidManifest.xml:38:9-33
50    <uses-feature
50-->[com.journeyapps:zxing-android-embedded:4.3.0] AndroidManifest.xml:39:5-41:36
51        android:name="android.hardware.screen.landscape"
51-->[com.journeyapps:zxing-android-embedded:4.3.0] AndroidManifest.xml:40:9-57
52        android:required="false" />
52-->[com.journeyapps:zxing-android-embedded:4.3.0] AndroidManifest.xml:41:9-33
53    <uses-feature
53-->[com.journeyapps:zxing-android-embedded:4.3.0] AndroidManifest.xml:42:5-44:36
54        android:name="android.hardware.wifi"
54-->[com.journeyapps:zxing-android-embedded:4.3.0] AndroidManifest.xml:43:9-45
55        android:required="false" />
55-->[com.journeyapps:zxing-android-embedded:4.3.0] AndroidManifest.xml:44:9-33
56
57    <application
58        android:name="android.app.Application"
58-->src\main\AndroidManifest.xml:5:9-42
59        android:appComponentFactory="androidx.core.app.CoreComponentFactory"
59-->[androidx.core:core:1.10.1] AndroidManifest.xml:28:18-86
60        android:icon="@mipmap/ic_launcher"
60-->src\main\AndroidManifest.xml:6:9-43
61        android:label="bankappnew" >
61-->src\main\AndroidManifest.xml:4:9-35
62        <activity
62-->src\main\AndroidManifest.xml:7:9-27:20
63            android:name="com.example.bankappnew.MainActivity"
63-->src\main\AndroidManifest.xml:8:13-41
64            android:configChanges="orientation|keyboardHidden|keyboard|screenSize|smallestScreenSize|locale|layoutDirection|fontScale|screenLayout|density|uiMode"
64-->src\main\AndroidManifest.xml:12:13-163
65            android:exported="true"
65-->src\main\AndroidManifest.xml:9:13-36
66            android:hardwareAccelerated="true"
66-->src\main\AndroidManifest.xml:13:13-47
67            android:launchMode="singleTop"
67-->src\main\AndroidManifest.xml:10:13-43
68            android:theme="@style/LaunchTheme"
68-->src\main\AndroidManifest.xml:11:13-47
69            android:windowSoftInputMode="adjustResize" >
69-->src\main\AndroidManifest.xml:14:13-55
70
71            <!--
72                 Specifies an Android theme to apply to this Activity as soon as
73                 the Android process has started. This theme is visible to the user
74                 while the Flutter UI initializes. After that, this theme continues
75                 to determine the Window background behind the Flutter UI.
76            -->
77            <meta-data
77-->src\main\AndroidManifest.xml:19:13-22:17
78                android:name="io.flutter.embedding.android.NormalTheme"
78-->src\main\AndroidManifest.xml:20:15-70
79                android:resource="@style/NormalTheme" />
79-->src\main\AndroidManifest.xml:21:15-52
80
81            <intent-filter>
81-->src\main\AndroidManifest.xml:23:13-26:29
82                <action android:name="android.intent.action.MAIN" />
82-->src\main\AndroidManifest.xml:24:17-68
82-->src\main\AndroidManifest.xml:24:25-66
83
84                <category android:name="android.intent.category.LAUNCHER" />
84-->src\main\AndroidManifest.xml:25:17-76
84-->src\main\AndroidManifest.xml:25:27-74
85            </intent-filter>
86        </activity>
87        <!--
88             Don't delete the meta-data below.
89             This is used by the Flutter tool to generate GeneratedPluginRegistrant.java
90        -->
91        <meta-data
91-->src\main\AndroidManifest.xml:30:9-32:33
92            android:name="flutterEmbedding"
92-->src\main\AndroidManifest.xml:31:13-44
93            android:value="2" />
93-->src\main\AndroidManifest.xml:32:13-30
94
95        <provider
95-->[:image_picker_android] AndroidManifest.xml:10:9-18:20
96            android:name="io.flutter.plugins.imagepicker.ImagePickerFileProvider"
96-->[:image_picker_android] AndroidManifest.xml:11:13-82
97            android:authorities="com.example.bankappnew.flutter.image_provider"
97-->[:image_picker_android] AndroidManifest.xml:12:13-74
98            android:exported="false"
98-->[:image_picker_android] AndroidManifest.xml:13:13-37
99            android:grantUriPermissions="true" >
99-->[:image_picker_android] AndroidManifest.xml:14:13-47
100            <meta-data
100-->[:image_picker_android] AndroidManifest.xml:15:13-17:75
101                android:name="android.support.FILE_PROVIDER_PATHS"
101-->[:image_picker_android] AndroidManifest.xml:16:17-67
102                android:resource="@xml/flutter_image_picker_file_paths" />
102-->[:image_picker_android] AndroidManifest.xml:17:17-72
103        </provider>
104
105        <activity
105-->[:url_launcher_android] AndroidManifest.xml:10:9-13:74
106            android:name="io.flutter.plugins.urllauncher.WebViewActivity"
106-->[:url_launcher_android] AndroidManifest.xml:11:13-74
107            android:exported="false"
107-->[:url_launcher_android] AndroidManifest.xml:12:13-37
108            android:theme="@android:style/Theme.NoTitleBar.Fullscreen" />
108-->[:url_launcher_android] AndroidManifest.xml:13:13-71
109        <activity
109-->[com.google.android.gms:play-services-auth:20.4.0] AndroidManifest.xml:23:9-27:75
110            android:name="com.google.android.gms.auth.api.signin.internal.SignInHubActivity"
110-->[com.google.android.gms:play-services-auth:20.4.0] AndroidManifest.xml:24:13-93
111            android:excludeFromRecents="true"
111-->[com.google.android.gms:play-services-auth:20.4.0] AndroidManifest.xml:25:13-46
112            android:exported="false"
112-->[com.google.android.gms:play-services-auth:20.4.0] AndroidManifest.xml:26:13-37
113            android:theme="@android:style/Theme.Translucent.NoTitleBar" />
113-->[com.google.android.gms:play-services-auth:20.4.0] AndroidManifest.xml:27:13-72
114        <!--
115            Service handling Google Sign-In user revocation. For apps that do not integrate with
116            Google Sign-In, this service will never be started.
117        -->
118        <service
118-->[com.google.android.gms:play-services-auth:20.4.0] AndroidManifest.xml:33:9-37:51
119            android:name="com.google.android.gms.auth.api.signin.RevocationBoundService"
119-->[com.google.android.gms:play-services-auth:20.4.0] AndroidManifest.xml:34:13-89
120            android:exported="true"
120-->[com.google.android.gms:play-services-auth:20.4.0] AndroidManifest.xml:35:13-36
121            android:permission="com.google.android.gms.auth.api.signin.permission.REVOCATION_NOTIFICATION"
121-->[com.google.android.gms:play-services-auth:20.4.0] AndroidManifest.xml:36:13-107
122            android:visibleToInstantApps="true" /> <!-- Needs to be explicitly declared on P+ -->
122-->[com.google.android.gms:play-services-auth:20.4.0] AndroidManifest.xml:37:13-48
123        <uses-library
123-->[com.google.android.gms:play-services-maps:18.1.0] AndroidManifest.xml:39:9-41:40
124            android:name="org.apache.http.legacy"
124-->[com.google.android.gms:play-services-maps:18.1.0] AndroidManifest.xml:40:13-50
125            android:required="false" />
125-->[com.google.android.gms:play-services-maps:18.1.0] AndroidManifest.xml:41:13-37
126
127        <activity
127-->[com.google.android.gms:play-services-base:18.0.1] AndroidManifest.xml:20:9-22:45
128            android:name="com.google.android.gms.common.api.GoogleApiActivity"
128-->[com.google.android.gms:play-services-base:18.0.1] AndroidManifest.xml:20:19-85
129            android:exported="false"
129-->[com.google.android.gms:play-services-base:18.0.1] AndroidManifest.xml:22:19-43
130            android:theme="@android:style/Theme.Translucent.NoTitleBar" />
130-->[com.google.android.gms:play-services-base:18.0.1] AndroidManifest.xml:21:19-78
131
132        <meta-data
132-->[com.google.android.gms:play-services-basement:18.1.0] AndroidManifest.xml:21:9-23:69
133            android:name="com.google.android.gms.version"
133-->[com.google.android.gms:play-services-basement:18.1.0] AndroidManifest.xml:22:13-58
134            android:value="@integer/google_play_services_version" />
134-->[com.google.android.gms:play-services-basement:18.1.0] AndroidManifest.xml:23:13-66
135
136        <provider
136-->[androidx.emoji2:emoji2:1.0.0] AndroidManifest.xml:26:9-34:20
137            android:name="androidx.startup.InitializationProvider"
137-->[androidx.emoji2:emoji2:1.0.0] AndroidManifest.xml:27:13-67
138            android:authorities="com.example.bankappnew.androidx-startup"
138-->[androidx.emoji2:emoji2:1.0.0] AndroidManifest.xml:28:13-68
139            android:exported="false" >
139-->[androidx.emoji2:emoji2:1.0.0] AndroidManifest.xml:29:13-37
140            <meta-data
140-->[androidx.emoji2:emoji2:1.0.0] AndroidManifest.xml:31:13-33:52
141                android:name="androidx.emoji2.text.EmojiCompatInitializer"
141-->[androidx.emoji2:emoji2:1.0.0] AndroidManifest.xml:32:17-75
142                android:value="androidx.startup" />
142-->[androidx.emoji2:emoji2:1.0.0] AndroidManifest.xml:33:17-49
143            <meta-data
143-->[androidx.lifecycle:lifecycle-process:2.6.1] AndroidManifest.xml:29:13-31:52
144                android:name="androidx.lifecycle.ProcessLifecycleInitializer"
144-->[androidx.lifecycle:lifecycle-process:2.6.1] AndroidManifest.xml:30:17-78
145                android:value="androidx.startup" />
145-->[androidx.lifecycle:lifecycle-process:2.6.1] AndroidManifest.xml:31:17-49
146            <meta-data
146-->[androidx.profileinstaller:profileinstaller:1.3.0] AndroidManifest.xml:29:13-31:52
147                android:name="androidx.profileinstaller.ProfileInstallerInitializer"
147-->[androidx.profileinstaller:profileinstaller:1.3.0] AndroidManifest.xml:30:17-85
148                android:value="androidx.startup" />
148-->[androidx.profileinstaller:profileinstaller:1.3.0] AndroidManifest.xml:31:17-49
149        </provider>
150
151        <uses-library
151-->[androidx.window:window:1.0.0-beta04] AndroidManifest.xml:25:9-27:40
152            android:name="androidx.window.extensions"
152-->[androidx.window:window:1.0.0-beta04] AndroidManifest.xml:26:13-54
153            android:required="false" />
153-->[androidx.window:window:1.0.0-beta04] AndroidManifest.xml:27:13-37
154        <uses-library
154-->[androidx.window:window:1.0.0-beta04] AndroidManifest.xml:28:9-30:40
155            android:name="androidx.window.sidecar"
155-->[androidx.window:window:1.0.0-beta04] AndroidManifest.xml:29:13-51
156            android:required="false" />
156-->[androidx.window:window:1.0.0-beta04] AndroidManifest.xml:30:13-37
157
158        <receiver
158-->[androidx.profileinstaller:profileinstaller:1.3.0] AndroidManifest.xml:34:9-52:20
159            android:name="androidx.profileinstaller.ProfileInstallReceiver"
159-->[androidx.profileinstaller:profileinstaller:1.3.0] AndroidManifest.xml:35:13-76
160            android:directBootAware="false"
160-->[androidx.profileinstaller:profileinstaller:1.3.0] AndroidManifest.xml:36:13-44
161            android:enabled="true"
161-->[androidx.profileinstaller:profileinstaller:1.3.0] AndroidManifest.xml:37:13-35
162            android:exported="true"
162-->[androidx.profileinstaller:profileinstaller:1.3.0] AndroidManifest.xml:38:13-36
163            android:permission="android.permission.DUMP" >
163-->[androidx.profileinstaller:profileinstaller:1.3.0] AndroidManifest.xml:39:13-57
164            <intent-filter>
164-->[androidx.profileinstaller:profileinstaller:1.3.0] AndroidManifest.xml:40:13-42:29
165                <action android:name="androidx.profileinstaller.action.INSTALL_PROFILE" />
165-->[androidx.profileinstaller:profileinstaller:1.3.0] AndroidManifest.xml:41:17-91
165-->[androidx.profileinstaller:profileinstaller:1.3.0] AndroidManifest.xml:41:25-88
166            </intent-filter>
167            <intent-filter>
167-->[androidx.profileinstaller:profileinstaller:1.3.0] AndroidManifest.xml:43:13-45:29
168                <action android:name="androidx.profileinstaller.action.SKIP_FILE" />
168-->[androidx.profileinstaller:profileinstaller:1.3.0] AndroidManifest.xml:44:17-85
168-->[androidx.profileinstaller:profileinstaller:1.3.0] AndroidManifest.xml:44:25-82
169            </intent-filter>
170            <intent-filter>
170-->[androidx.profileinstaller:profileinstaller:1.3.0] AndroidManifest.xml:46:13-48:29
171                <action android:name="androidx.profileinstaller.action.SAVE_PROFILE" />
171-->[androidx.profileinstaller:profileinstaller:1.3.0] AndroidManifest.xml:47:17-88
171-->[androidx.profileinstaller:profileinstaller:1.3.0] AndroidManifest.xml:47:25-85
172            </intent-filter>
173            <intent-filter>
173-->[androidx.profileinstaller:profileinstaller:1.3.0] AndroidManifest.xml:49:13-51:29
174                <action android:name="androidx.profileinstaller.action.BENCHMARK_OPERATION" />
174-->[androidx.profileinstaller:profileinstaller:1.3.0] AndroidManifest.xml:50:17-95
174-->[androidx.profileinstaller:profileinstaller:1.3.0] AndroidManifest.xml:50:25-92
175            </intent-filter>
176        </receiver>
177
178        <meta-data
178-->[com.huawei.hms:scanplus:2.1.0.300] AndroidManifest.xml:14:9-16:40
179            android:name="huawei_module_scankit_local"
179-->[com.huawei.hms:scanplus:2.1.0.300] AndroidManifest.xml:15:13-55
180            android:value="20100300" />
180-->[com.huawei.hms:scanplus:2.1.0.300] AndroidManifest.xml:16:13-37
181        <meta-data
181-->[com.huawei.hms:scanplus:2.1.0.300] AndroidManifest.xml:17:9-19:50
182            android:name="huawei_module_scankit_sdk_version"
182-->[com.huawei.hms:scanplus:2.1.0.300] AndroidManifest.xml:18:13-61
183            android:value="scanplus:2.1.0.300" />
183-->[com.huawei.hms:scanplus:2.1.0.300] AndroidManifest.xml:19:13-47
184        <meta-data
184-->[com.huawei.hms:scanplus:2.1.0.300] AndroidManifest.xml:20:9-22:50
185            android:name="com.huawei.hms.client.service.name:scanplus"
185-->[com.huawei.hms:scanplus:2.1.0.300] AndroidManifest.xml:21:13-71
186            android:value="scanplus:2.1.0.300" />
186-->[com.huawei.hms:scanplus:2.1.0.300] AndroidManifest.xml:22:13-47
187        <meta-data
187-->[com.huawei.hms:scanplus:2.1.0.300] AndroidManifest.xml:23:9-25:33
188            android:name="com.huawei.hms.min_api_level:scanplus:huawei_module_scankit"
188-->[com.huawei.hms:scanplus:2.1.0.300] AndroidManifest.xml:24:13-87
189            android:value="1" />
189-->[com.huawei.hms:scanplus:2.1.0.300] AndroidManifest.xml:25:13-30
190        <meta-data
190-->[com.huawei.hms:scanplus:2.1.0.300] AndroidManifest.xml:26:9-28:33
191            android:name="com.huawei.hms.min_api_level:scanplus:hmscore"
191-->[com.huawei.hms:scanplus:2.1.0.300] AndroidManifest.xml:27:13-73
192            android:value="1" />
192-->[com.huawei.hms:scanplus:2.1.0.300] AndroidManifest.xml:28:13-30
193
194        <activity android:name="com.huawei.hms.hmsscankit.ScanKitActivity" />
194-->[com.huawei.hms:scanplus:2.1.0.300] AndroidManifest.xml:30:9-78
194-->[com.huawei.hms:scanplus:2.1.0.300] AndroidManifest.xml:30:19-75
195        <activity
195-->[com.journeyapps:zxing-android-embedded:4.3.0] AndroidManifest.xml:47:9-53:63
196            android:name="com.journeyapps.barcodescanner.CaptureActivity"
196-->[com.journeyapps:zxing-android-embedded:4.3.0] AndroidManifest.xml:48:13-74
197            android:clearTaskOnLaunch="true"
197-->[com.journeyapps:zxing-android-embedded:4.3.0] AndroidManifest.xml:49:13-45
198            android:screenOrientation="sensorLandscape"
198-->[com.journeyapps:zxing-android-embedded:4.3.0] AndroidManifest.xml:50:13-56
199            android:stateNotNeeded="true"
199-->[com.journeyapps:zxing-android-embedded:4.3.0] AndroidManifest.xml:51:13-42
200            android:theme="@style/zxing_CaptureTheme"
200-->[com.journeyapps:zxing-android-embedded:4.3.0] AndroidManifest.xml:52:13-54
201            android:windowSoftInputMode="stateAlwaysHidden" />
201-->[com.journeyapps:zxing-android-embedded:4.3.0] AndroidManifest.xml:53:13-60
202
203        <meta-data
203-->[com.huawei.hms:dynamic-api:1.0.13.303] AndroidManifest.xml:12:9-14:54
204            android:name="com.huawei.hms.client.service.name:dynamic-api"
204-->[com.huawei.hms:dynamic-api:1.0.13.303] AndroidManifest.xml:13:13-74
205            android:value="dynamic-api:1.0.13.303" />
205-->[com.huawei.hms:dynamic-api:1.0.13.303] AndroidManifest.xml:14:13-51
206        <meta-data
206-->[com.huawei.hms:dynamic-api:1.0.13.303] AndroidManifest.xml:15:9-17:33
207            android:name="com.huawei.hms.min_api_level:dynamic-api:huawei_module_dynamicloader"
207-->[com.huawei.hms:dynamic-api:1.0.13.303] AndroidManifest.xml:16:13-96
208            android:value="2" />
208-->[com.huawei.hms:dynamic-api:1.0.13.303] AndroidManifest.xml:17:13-30
209
210        <provider
210-->[com.huawei.hms:ml-computer-sdkbase-inner:2.0.5.304] AndroidManifest.xml:13:9-16:40
211            android:name="com.huawei.hms.mlsdk.common.provider.MLInitializerProvider"
211-->[com.huawei.hms:ml-computer-sdkbase-inner:2.0.5.304] AndroidManifest.xml:14:13-86
212            android:authorities="com.example.bankappnew.MLInitializerProvider"
212-->[com.huawei.hms:ml-computer-sdkbase-inner:2.0.5.304] AndroidManifest.xml:15:13-73
213            android:exported="false" />
213-->[com.huawei.hms:ml-computer-sdkbase-inner:2.0.5.304] AndroidManifest.xml:16:13-37
214        <provider
214-->[com.huawei.agconnect:agconnect-core:1.4.0.300] AndroidManifest.xml:11:9-14:40
215            android:name="com.huawei.agconnect.core.provider.AGConnectInitializeProvider"
215-->[com.huawei.agconnect:agconnect-core:1.4.0.300] AndroidManifest.xml:12:13-90
216            android:authorities="com.example.bankappnew.AGCInitializeProvider"
216-->[com.huawei.agconnect:agconnect-core:1.4.0.300] AndroidManifest.xml:13:13-73
217            android:exported="false" />
217-->[com.huawei.agconnect:agconnect-core:1.4.0.300] AndroidManifest.xml:14:13-37
218
219        <service
219-->[com.huawei.agconnect:agconnect-core:1.4.0.300] AndroidManifest.xml:16:9-18:40
220            android:name="com.huawei.agconnect.core.ServiceDiscovery"
220-->[com.huawei.agconnect:agconnect-core:1.4.0.300] AndroidManifest.xml:17:13-70
221            android:exported="false" />
221-->[com.huawei.agconnect:agconnect-core:1.4.0.300] AndroidManifest.xml:18:13-37
222    </application>
223
224</manifest>